# JRE version: OpenJDK Runtime Environment Temurin-17.0.7+7 (17.0.7+7) (build 17.0.7+7)
# Java VM: OpenJDK 64-Bit Server VM Temurin-17.0.7+7 (17.0.7+7, mixed mode, sharing, tiered, compressed oops, compressed class ptrs, g1 gc, windows-amd64)
GC Precious Log:
 CPUs: 8 total, 8 available
 Memory: 8050M
 Large Page Support: Disabled
 NUMA Support: Disabled
 Compressed Oops: Enabled (Zero based)
 Heap Region Size: 2M
 Heap Min Capacity: 512M
 Heap Initial Capacity: 512M
 Heap Max Capacity: 4072M
 Pre-touch: Disabled
 Parallel Workers: 8
 Concurrent Workers: 2
 Concurrent Refinement Workers: 8
 Periodic GC: Disabled
 String Deduplication is enabled
Heap:
 garbage-first heap   total 524288K, used 113859K [0x0000000701800000, 0x0000000800000000)
  region size 2048K, 17 young (34816K), 3 survivors (6144K)
 Metaspace       used 81252K, committed 81920K, reserved 1179648K
  class space    used 11394K, committed 11712K, reserved 1048576K
GC Heap History (20 events):
Event: 1505.281 GC heap before
{Heap before GC invocations=41 (full 2):
 garbage-first heap   total 524288K, used 160829K [0x0000000701800000, 0x0000000800000000)
  region size 2048K, 40 young (81920K), 3 survivors (6144K)
 Metaspace       used 80781K, committed 81344K, reserved 1179648K
  class space    used 11384K, committed 11648K, reserved 1048576K
}
Event: 1505.285 GC heap after
{Heap after GC invocations=42 (full 2):
 garbage-first heap   total 524288K, used 85367K [0x0000000701800000, 0x0000000800000000)
  region size 2048K, 3 young (6144K), 3 survivors (6144K)
 Metaspace       used 80781K, committed 81344K, reserved 1179648K
  class space    used 11384K, committed 11648K, reserved 1048576K
}
Event: 1638.687 GC heap before
{Heap before GC invocations=42 (full 2):
 garbage-first heap   total 524288K, used 161143K [0x0000000701800000, 0x0000000800000000)
  region size 2048K, 40 young (81920K), 3 survivors (6144K)
 Metaspace       used 80813K, committed 81408K, reserved 1179648K
  class space    used 11384K, committed 11648K, reserved 1048576K
}
Event: 1638.691 GC heap after
{Heap after GC invocations=43 (full 2):
 garbage-first heap   total 524288K, used 85199K [0x0000000701800000, 0x0000000800000000)
  region size 2048K, 2 young (4096K), 2 survivors (4096K)
 Metaspace       used 80813K, committed 81408K, reserved 1179648K
  class space    used 11384K, committed 11648K, reserved 1048576K
}
Event: 1664.078 GC heap before
{Heap before GC invocations=43 (full 2):
 garbage-first heap   total 524288K, used 163023K [0x0000000701800000, 0x0000000800000000)
  region size 2048K, 40 young (81920K), 2 survivors (4096K)
 Metaspace       used 80874K, committed 81408K, reserved 1179648K
  class space    used 11385K, committed 11648K, reserved 1048576K
}
Event: 1664.082 GC heap after
{Heap after GC invocations=44 (full 2):
 garbage-first heap   total 524288K, used 84998K [0x0000000701800000, 0x0000000800000000)
  region size 2048K, 2 young (4096K), 2 survivors (4096K)
 Metaspace       used 80874K, committed 81408K, reserved 1179648K
  class space    used 11385K, committed 11648K, reserved 1048576K
}
Event: 1682.410 GC heap before
{Heap before GC invocations=44 (full 2):
 garbage-first heap   total 524288K, used 162822K [0x0000000701800000, 0x0000000800000000)
  region size 2048K, 40 young (81920K), 2 survivors (4096K)
 Metaspace       used 80941K, committed 81472K, reserved 1179648K
  class space    used 11385K, committed 11648K, reserved 1048576K
}
Event: 1682.413 GC heap after
{Heap after GC invocations=45 (full 2):
 garbage-first heap   total 524288K, used 84899K [0x0000000701800000, 0x0000000800000000)
  region size 2048K, 2 young (4096K), 2 survivors (4096K)
 Metaspace       used 80941K, committed 81472K, reserved 1179648K
  class space    used 11385K, committed 11648K, reserved 1048576K
}
Event: 1700.466 GC heap before
{Heap before GC invocations=45 (full 2):
 garbage-first heap   total 524288K, used 162723K [0x0000000701800000, 0x0000000800000000)
  region size 2048K, 40 young (81920K), 2 survivors (4096K)
 Metaspace       used 80968K, committed 81536K, reserved 1179648K
  class space    used 11385K, committed 11648K, reserved 1048576K
}
Event: 1700.470 GC heap after
{Heap after GC invocations=46 (full 2):
 garbage-first heap   total 524288K, used 84910K [0x0000000701800000, 0x0000000800000000)
  region size 2048K, 2 young (4096K), 2 survivors (4096K)
 Metaspace       used 80968K, committed 81536K, reserved 1179648K
  class space    used 11385K, committed 11648K, reserved 1048576K
}
Event: 1732.873 GC heap before
{Heap before GC invocations=46 (full 2):
 garbage-first heap   total 524288K, used 162734K [0x0000000701800000, 0x0000000800000000)
  region size 2048K, 40 young (81920K), 2 survivors (4096K)
 Metaspace       used 81019K, committed 81600K, reserved 1179648K
  class space    used 11386K, committed 11648K, reserved 1048576K
}
Event: 1732.876 GC heap after
{Heap after GC invocations=47 (full 2):
 garbage-first heap   total 524288K, used 85768K [0x0000000701800000, 0x0000000800000000)
  region size 2048K, 2 young (4096K), 2 survivors (4096K)
 Metaspace       used 81019K, committed 81600K, reserved 1179648K
  class space    used 11386K, committed 11648K, reserved 1048576K
}
Event: 1735.051 GC heap before
{Heap before GC invocations=47 (full 2):
 garbage-first heap   total 524288K, used 163592K [0x0000000701800000, 0x0000000800000000)
  region size 2048K, 40 young (81920K), 2 survivors (4096K)
 Metaspace       used 81098K, committed 81728K, reserved 1179648K
  class space    used 11394K, committed 11712K, reserved 1048576K
}
Event: 1735.055 GC heap after
{Heap after GC invocations=48 (full 2):
 garbage-first heap   total 524288K, used 86845K [0x0000000701800000, 0x0000000800000000)
  region size 2048K, 3 young (6144K), 3 survivors (6144K)
 Metaspace       used 81098K, committed 81728K, reserved 1179648K
  class space    used 11394K, committed 11712K, reserved 1048576K
}
Event: 1786.511 GC heap before
{Heap before GC invocations=48 (full 2):
 garbage-first heap   total 524288K, used 162621K [0x0000000701800000, 0x0000000800000000)
  region size 2048K, 40 young (81920K), 3 survivors (6144K)
 Metaspace       used 81114K, committed 81728K, reserved 1179648K
  class space    used 11394K, committed 11712K, reserved 1048576K
}
Event: 1786.515 GC heap after
{Heap after GC invocations=49 (full 2):
 garbage-first heap   total 524288K, used 86332K [0x0000000701800000, 0x0000000800000000)
  region size 2048K, 2 young (4096K), 2 survivors (4096K)
 Metaspace       used 81114K, committed 81728K, reserved 1179648K
  class space    used 11394K, committed 11712K, reserved 1048576K
}
Event: 1805.339 GC heap before
{Heap before GC invocations=49 (full 2):
 garbage-first heap   total 524288K, used 164156K [0x0000000701800000, 0x0000000800000000)
  region size 2048K, 40 young (81920K), 2 survivors (4096K)
 Metaspace       used 81174K, committed 81792K, reserved 1179648K
  class space    used 11394K, committed 11712K, reserved 1048576K
}
Event: 1805.343 GC heap after
{Heap after GC invocations=50 (full 2):
 garbage-first heap   total 524288K, used 86884K [0x0000000701800000, 0x0000000800000000)
  region size 2048K, 3 young (6144K), 3 survivors (6144K)
 Metaspace       used 81174K, committed 81792K, reserved 1179648K
  class space    used 11394K, committed 11712K, reserved 1048576K
}
Event: 1822.921 GC heap before
{Heap before GC invocations=50 (full 2):
 garbage-first heap   total 524288K, used 162660K [0x0000000701800000, 0x0000000800000000)
  region size 2048K, 40 young (81920K), 3 survivors (6144K)
 Metaspace       used 81239K, committed 81920K, reserved 1179648K
  class space    used 11394K, committed 11712K, reserved 1048576K
}
Event: 1822.926 GC heap after
{Heap after GC invocations=51 (full 2):
 garbage-first heap   total 524288K, used 87235K [0x0000000701800000, 0x0000000800000000)
  region size 2048K, 3 young (6144K), 3 survivors (6144K)
 Metaspace       used 81239K, committed 81920K, reserved 1179648K
  class space    used 11394K, committed 11712K, reserved 1048576K
}

